<?xml version="1.0" encoding="UTF-8"?>
<!-- Generated by org.testng.reporters.JUnitXMLReporter -->
<testsuite ignored="2" hostname="WIN-8I04HMP8KBE" failures="0" tests="6" name="Test" time="105.84" errors="0" timestamp="2025-04-01T14:31:11 IST">
  <testcase classname="com.comcast.crm.ContacttestwithPom.CreateContacttest" name="Createcontact" time="9.127"/>
  <testcase classname="com.comcast.crm.ContacttestwithPom.CreateContacttest" name="createContactWithOrgTest" time="13.678"/>
  <testcase classname="com.comcast.crm.ContacttestwithPom.CreateContacttest" name="createContactWithSupportDate" time="6.03"/>
  <testcase classname="com.comcast.crm.OrgTestWithPom.CreateOrganizationTest" name="CreateOrg" time="5.341"/>
  <testcase classname="com.comcast.crm.OrgTestWithPom.CreateOrganizationTest" name="CreateOrgWithIndustriesTest" time="6.657"/>
  <testcase classname="com.comcast.crm.OrgTestWithPom.CreateOrganizationTest" name="CreateOrgWithPhoneNumberTest" time="5.323"/>
  <testcase classname="com.comcast.crm.basetest.BaseClass" name="@AfterSuite configAS" time="0.0">
    <ignored/>
  </testcase> <!-- @AfterSuite configAS -->
  <testcase classname="com.comcast.crm.basetest.BaseClass" name="@BeforeSuite configBS" time="0.0">
    <ignored/>
  </testcase> <!-- @BeforeSuite configBS -->
</testsuite> <!-- Test -->
